{"message":"Listening on port 3000...","level":"info","service":"user-service"}
{"message":"Listening on port 3000...","level":"info","service":"user-service"}
{"message":"Listening on port 3000...","level":"info","service":"user-service"}
{"message":"Listening on port 3000...","level":"info","service":"user-service"}
{"message":"Listening on port 3000...","level":"info","service":"user-service"}
{"message":"Connected to MongoDB...","level":"info","service":"user-service"}
{"message":"Listening on port 3000...","level":"info","service":"user-service"}
{"message":"Connected to MongoDB...","level":"info","service":"user-service"}
{"message":"Listening on port 3000...","level":"info","service":"user-service"}
{"message":"Listening on port 3000...","level":"info","service":"user-service"}
{"message":"Listening on port 3000...","level":"info","service":"user-service"}
{"message":"Listening on port 3000...","level":"info","service":"user-service"}
{"message":"Connected to MongoDB...","level":"info","service":"user-service"}
{"message":"Listening on port 3000...","level":"info","service":"user-service"}
{"message":"Connected to MongoDB...","level":"info","service":"user-service"}
{"message":"Listening on port 3000...","level":"info","service":"user-service"}
{"message":"Connected to MongoDB...","level":"info","service":"user-service"}
{"message":"Listening on port 3000...","level":"info","service":"user-service"}
{"message":"Listening on port 3000...","level":"info","service":"user-service"}
{"message":"Listening on port 3000...","level":"info","service":"user-service"}
{"message":"Listening on port 3000...","level":"info","service":"user-service"}
{"message":"Connected to mongodb://localhost/moviesApi...","level":"info","service":"user-service"}
{"message":"Listening on port 3000...","level":"info","service":"user-service"}
{"message":"Connected to mongodb://localhost/moviesApi  ...","level":"info","service":"user-service"}
{"message":"Listening on port 3000...","level":"info","service":"user-service"}
{"message":"Connected to mongodb://localhost/moviesApi  ...","level":"info","service":"user-service"}
{"message":"Listening on port 3000...","level":"info","service":"user-service"}
{"message":"Connected to mongodb://localhost/moviesApi  ...","level":"info","service":"user-service"}
{"message":"Listening on port 3000...","level":"info","service":"user-service"}
{"message":"Connected to mongodb://localhost/moviesApi  ...","level":"info","service":"user-service"}
{"message":"Listening on port 3000...","level":"info","service":"user-service"}
{"message":"Connected to mongodb://localhost/moviesApi  ...","level":"info","service":"user-service"}
{"message":"Listening on port 3000...","level":"info","service":"user-service"}
{"message":"Connected to mongodb://localhost/moviesApi  ...","level":"info","service":"user-service"}
{"message":"Listening on port 3000...","level":"info","service":"user-service"}
{"message":"Connected to mongodb://localhost/moviesApi  ...","level":"info","service":"user-service"}
{"message":"Listening on port 3000...","level":"info","service":"user-service"}
{"message":"Connected to mongodb://localhost/moviesApi  ...","level":"info","service":"user-service"}
{"message":"Listening on port 3000...","level":"info","service":"user-service"}
{"message":"Connected to mongodb://localhost/moviesApi  ...","level":"info","service":"user-service"}
{"message":"Listening on port 3000...","level":"info","service":"user-service"}
{"message":"Connected to mongodb://localhost/moviesApi  ...","level":"info","service":"user-service"}
{"message":"Listening on port 3000...","level":"info","service":"user-service"}
{"message":"Connected to mongodb://localhost/moviesApi  ...","level":"info","service":"user-service"}
{"message":"Listening on port 3000...","level":"info","service":"user-service"}
{"message":"Connected to mongodb://localhost/moviesApi  ...","level":"info","service":"user-service"}
{"message":"Listening on port 3000...","level":"info","service":"user-service"}
{"message":"Connected to mongodb://localhost/moviesApi  ...","level":"info","service":"user-service"}
{"message":"Listening on port 3000...","level":"info","service":"user-service"}
{"message":"Connected to mongodb://localhost/moviesApi  ...","level":"info","service":"user-service"}
{"message":"Listening on port 3000...","level":"info","service":"user-service"}
{"message":"Connected to mongodb://localhost/moviesApi  ...","level":"info","service":"user-service"}
{"message":"Listening on port 3000...","level":"info","service":"user-service"}
{"message":"Connected to mongodb://localhost/moviesApi  ...","level":"info","service":"user-service"}
{"message":"Listening on port 3000...","level":"info","service":"user-service"}
{"message":"Connected to mongodb://localhost/moviesApi  ...","level":"info","service":"user-service"}
{"message":"Listening on port 3000...","level":"info","service":"user-service"}
{"message":"Connected to mongodb://localhost/moviesApi  ...","level":"info","service":"user-service"}
{"message":"Listening on port 3000...","level":"info","service":"user-service"}
{"message":"Connected to mongodb://localhost/moviesApi  ...","level":"info","service":"user-service"}
{"message":"Listening on port 3000...","level":"info","service":"user-service"}
{"message":"Connected to mongodb://localhost/moviesApi  ...","level":"info","service":"user-service"}
{"message":"Listening on port 3000...","level":"info","service":"user-service"}
{"message":"Connected to mongodb://localhost/moviesApi  ...","level":"info","service":"user-service"}
{"message":"Listening on port 3000...","level":"info","service":"user-service"}
{"message":"Connected to mongodb://localhost/moviesApi  ...","level":"info","service":"user-service"}
{"message":"Listening on port 3000...","level":"info","service":"user-service"}
{"message":"Connected to mongodb://localhost/moviesApi  ...","level":"info","service":"user-service"}
{"message":"Listening on port 3000...","level":"info","service":"user-service"}
{"message":"Connected to mongodb://localhost/moviesApi  ...","level":"info","service":"user-service"}
{"message":"Listening on port 3000...","level":"info","service":"user-service"}
{"message":"Connected to mongodb://localhost/moviesApi  ...","level":"info","service":"user-service"}
{"message":"Listening on port 3000...","level":"info","service":"user-service"}
{"message":"Connected to mongodb://localhost/moviesApi  ...","level":"info","service":"user-service"}
{"message":"Listening on port 3000...","level":"info","service":"user-service"}
{"message":"Connected to mongodb://localhost/moviesApi  ...","level":"info","service":"user-service"}
{"message":"Listening on port 3000...","level":"info","service":"user-service"}
{"message":"Connected to mongodb://localhost/moviesApi  ...","level":"info","service":"user-service"}
{"message":"Listening on port 3000...","level":"info","service":"user-service"}
{"message":"Connected to mongodb://localhost/moviesApi  ...","level":"info","service":"user-service"}
{"message":"Listening on port 3000...","level":"info","service":"user-service"}
{"message":"Connected to mongodb://localhost/moviesApi  ...","level":"info","service":"user-service"}
{"message":"Listening on port 3000...","level":"info","service":"user-service"}
{"message":"Connected to mongodb://localhost/moviesApi  ...","level":"info","service":"user-service"}
{"message":"Listening on port 3000...","level":"info","service":"user-service"}
{"message":"Connected to mongodb://localhost/moviesApi  ...","level":"info","service":"user-service"}
{"message":"Listening on port 3000...","level":"info","service":"user-service"}
{"message":"Connected to mongodb://localhost/moviesApi  ...","level":"info","service":"user-service"}
{"message":"Listening on port 3000...","level":"info","service":"user-service"}
{"message":"Connected to mongodb://localhost/moviesApi  ...","level":"info","service":"user-service"}
{"message":"Listening on port 3000...","level":"info","service":"user-service"}
{"message":"Connected to mongodb://localhost/moviesApi  ...","level":"info","service":"user-service"}
{"message":"Listening on port 3000...","level":"info","service":"user-service"}
{"message":"Connected to mongodb://localhost/moviesApi  ...","level":"info","service":"user-service"}
{"message":"Listening on port 3000...","level":"info","service":"user-service"}
{"message":"Connected to mongodb://localhost/moviesApi  ...","level":"info","service":"user-service"}
{"message":"Listening on port 3000...","level":"info","service":"user-service"}
{"message":"Connected to mongodb://localhost/moviesApi  ...","level":"info","service":"user-service"}
{"message":"Listening on port 3000...","level":"info","service":"user-service"}
{"message":"Connected to mongodb://localhost/moviesApi  ...","level":"info","service":"user-service"}
{"message":"Listening on port 3000...","level":"info","service":"user-service"}
{"message":"Connected to mongodb://localhost/moviesApi  ...","level":"info","service":"user-service"}
{"message":"Listening on port 3000...","level":"info","service":"user-service"}
{"message":"Connected to mongodb://localhost/moviesApi  ...","level":"info","service":"user-service"}
{"message":"Listening on port 3000...","level":"info","service":"user-service"}
{"message":"Connected to mongodb://localhost/moviesApi  ...","level":"info","service":"user-service"}
{"message":"Listening on port 3000...","level":"info","service":"user-service"}
{"message":"Connected to mongodb://localhost/moviesApi  ...","level":"info","service":"user-service"}
{"message":"Listening on port 3000...","level":"info","service":"user-service"}
{"message":"Connected to mongodb://localhost/moviesApi  ...","level":"info","service":"user-service"}
{"message":"Listening on port 3000...","level":"info","service":"user-service"}
{"message":"Connected to mongodb://localhost/moviesApi  ...","level":"info","service":"user-service"}
{"message":"Listening on port 3000...","level":"info","service":"user-service"}
{"message":"Connected to mongodb://localhost/moviesApi  ...","level":"info","service":"user-service"}
{"message":"Listening on port 3000...","level":"info","service":"user-service"}
{"message":"Connected to mongodb://localhost/moviesApi  ...","level":"info","service":"user-service"}
{"message":"Listening on port 3000...","level":"info","service":"user-service"}
{"message":"Connected to mongodb://localhost/moviesApi  ...","level":"info","service":"user-service"}
{"message":"Listening on port 3000...","level":"info","service":"user-service"}
{"message":"Connected to mongodb://localhost/moviesApi  ...","level":"info","service":"user-service"}
{"message":"Listening on port 3000...","level":"info","service":"user-service"}
{"message":"Connected to mongodb://localhost/moviesApi  ...","level":"info","service":"user-service"}
{"message":"Listening on port 3000...","level":"info","service":"user-service"}
{"message":"Connected to mongodb://localhost/moviesApi  ...","level":"info","service":"user-service"}
{"message":"Listening on port 3000...","level":"info","service":"user-service"}
{"message":"Connected to mongodb://localhost/moviesApi  ...","level":"info","service":"user-service"}
{"message":"Listening on port 3000...","level":"info","service":"user-service"}
{"message":"Connected to mongodb://localhost/moviesApi  ...","level":"info","service":"user-service"}
{"message":"Listening on port 3000...","level":"info","service":"user-service"}
{"message":"Connected to mongodb://localhost/moviesApi  ...","level":"info","service":"user-service"}
{"message":"Listening on port 3000...","level":"info","service":"user-service"}
{"message":"Connected to mongodb://localhost/moviesApi  ...","level":"info","service":"user-service"}
{"message":"Listening on port 3000...","level":"info","service":"user-service"}
{"message":"Connected to mongodb://localhost/moviesApi  ...","level":"info","service":"user-service"}
{"message":"Listening on port 3000...","level":"info","service":"user-service"}
{"message":"Connected to mongodb://localhost/moviesApi  ...","level":"info","service":"user-service"}
{"message":"Listening on port 3000...","level":"info","service":"user-service"}
{"message":"Connected to mongodb://localhost/moviesApi  ...","level":"info","service":"user-service"}
{"message":"Listening on port 3000...","level":"info","service":"user-service"}
{"message":"Connected to mongodb://localhost/moviesApi  ...","level":"info","service":"user-service"}
{"message":"Listening on port 3000...","level":"info","service":"user-service"}
{"message":"Connected to mongodb://localhost/moviesApi  ...","level":"info","service":"user-service"}
{"message":"Listening on port 3000...","level":"info","service":"user-service"}
{"message":"Connected to mongodb://localhost/moviesApi  ...","level":"info","service":"user-service"}
{"message":"Listening on port 3000...","level":"info","service":"user-service"}
{"message":"Connected to mongodb://localhost/moviesApi  ...","level":"info","service":"user-service"}
{"message":"Listening on port 3000...","level":"info","service":"user-service"}
{"message":"Connected to mongodb://localhost/moviesApi  ...","level":"info","service":"user-service"}
{"message":"Listening on port 3000...","level":"info","service":"user-service"}
{"message":"Connected to mongodb://localhost/moviesApi  ...","level":"info","service":"user-service"}
{"message":"Listening on port 3000...","level":"info","service":"user-service"}
{"message":"Connected to mongodb://localhost/moviesApi  ...","level":"info","service":"user-service"}
{"message":"Listening on port 3000...","level":"info","service":"user-service"}
{"message":"Connected to mongodb://localhost/moviesApi  ...","level":"info","service":"user-service"}
{"message":"Listening on port 3000...","level":"info","service":"user-service"}
{"message":"Connected to mongodb://localhost/moviesApi  ...","level":"info","service":"user-service"}
{"message":"Listening on port 3000...","level":"info","service":"user-service"}
{"message":"Connected to mongodb://localhost/moviesApi  ...","level":"info","service":"user-service"}
{"message":"Listening on port 3000...","level":"info","service":"user-service"}
{"message":"Connected to mongodb://localhost/moviesApi  ...","level":"info","service":"user-service"}
{"message":"Listening on port 3000...","level":"info","service":"user-service"}
{"message":"Connected to mongodb://localhost/moviesApi  ...","level":"info","service":"user-service"}
{"message":"Listening on port 3000...","level":"info","service":"user-service"}
{"message":"Connected to mongodb://localhost/moviesApi  ...","level":"info","service":"user-service"}
{"message":"Listening on port 3000...","level":"info","service":"user-service"}
{"message":"Connected to mongodb://localhost/moviesApi  ...","level":"info","service":"user-service"}
{"message":"Listening on port 3000...","level":"info","service":"user-service"}
{"message":"Connected to mongodb://localhost/moviesApi  ...","level":"info","service":"user-service"}
{"message":"Listening on port 3000...","level":"info","service":"user-service"}
{"message":"Connected to mongodb://localhost/moviesApi  ...","level":"info","service":"user-service"}
{"message":"Listening on port 3000...","level":"info","service":"user-service"}
{"message":"Connected to mongodb://localhost/moviesApi  ...","level":"info","service":"user-service"}
{"message":"Listening on port 3000...","level":"info","service":"user-service"}
{"message":"Connected to mongodb://localhost/moviesApi  ...","level":"info","service":"user-service"}
{"message":"Listening on port 3000...","level":"info","service":"user-service"}
{"message":"Connected to mongodb://localhost/moviesApi  ...","level":"info","service":"user-service"}
{"message":"Listening on port 3000...","level":"info","service":"user-service"}
{"message":"Listening on port 3000...","level":"info","service":"user-service"}
{"message":"Connected to mongodb://localhost/moviesApi  ...","level":"info","service":"user-service"}
{"message":"Listening on port 3000...","level":"info","service":"user-service"}
{"message":"Connected to mongodb://localhost/moviesApi  ...","level":"info","service":"user-service"}
{"message":"Listening on port 3000...","level":"info","service":"user-service"}
{"message":"Connected to mongodb://localhost/moviesApi  ...","level":"info","service":"user-service"}
{"message":"Listening on port 3000...","level":"info","service":"user-service"}
{"message":"Connected to mongodb://localhost/moviesApi  ...","level":"info","service":"user-service"}
{"message":"Listening on port 3000...","level":"info","service":"user-service"}
{"message":"Connected to mongodb://localhost/moviesApi  ...","level":"info","service":"user-service"}
{"message":"Listening on port 3000...","level":"info","service":"user-service"}
{"message":"Connected to mongodb://localhost/moviesApi  ...","level":"info","service":"user-service"}
{"message":"Listening on port 3000...","level":"info","service":"user-service"}
{"message":"Connected to mongodb://localhost/moviesApi  ...","level":"info","service":"user-service"}
{"message":"Listening on port 3000...","level":"info","service":"user-service"}
{"message":"Connected to mongodb://localhost/moviesApi  ...","level":"info","service":"user-service"}
{"message":"Listening on port 3000...","level":"info","service":"user-service"}
{"message":"Connected to mongodb://localhost/moviesApi  ...","level":"info","service":"user-service"}
{"message":"Listening on port 3000...","level":"info","service":"user-service"}
{"message":"Connected to mongodb://localhost/moviesApi  ...","level":"info","service":"user-service"}
{"message":"Listening on port 3000...","level":"info","service":"user-service"}
{"message":"Connected to mongodb://localhost/moviesApi  ...","level":"info","service":"user-service"}
{"message":"Listening on port 3000...","level":"info","service":"user-service"}
{"message":"Connected to mongodb://localhost/moviesApi_tests  ...","level":"info","service":"user-service"}
{"message":"Listening on port 3000...","level":"info","service":"user-service"}
{"message":"Listening on port 3000...","level":"info","service":"user-service"}
{"message":"Listening on port 3000...","level":"info","service":"user-service"}
{"message":"Connected to mongodb://localhost/moviesApi_tests  ...","level":"info","service":"user-service"}
{"message":"Listening on port 3000...","level":"info","service":"user-service"}
{"message":"Connected to mongodb://localhost/moviesApi_tests  ...","level":"info","service":"user-service"}
